[15:16:25.313] | INFO  | main                             | YandexComp                       | Open : + ChromeDriver: chrome on MAC (1e0223ac343874ccab41fee7b49c5c04)
[15:16:27.653] | INFO  | main                             | YandexComp                       | Открыта страница отус
[15:16:27.687] | INFO  | main                             | YandexComp                       | Онлайн‑курсы для профессионалов, дистанционное обучение современным профессиям
[15:16:27.793] | INFO  | main                             | YandexComp                       | ddddddd
[15:17:00.077] | INFO  | main                             | YandexComp                       | Open : + ChromeDriver: chrome on MAC (3ce4b36dd4a410a039136cdf63e11918)
[15:17:02.454] | INFO  | main                             | YandexComp                       | Открыта страница отус
[15:17:02.559] | INFO  | main                             | YandexComp                       | Онлайн‑курсы для профессионалов, дистанционное обучение современным профессиям
[15:17:02.666] | INFO  | main                             | YandexComp                       | ddddddd
[15:17:32.433] | INFO  | main                             | YandexComp                       | Open driver: ChromeDriver: chrome on MAC (6c9befd30d9ba54b5148e4035c471d1a)
[15:17:35.511] | INFO  | main                             | YandexComp                       | Открыта страница отус
[15:17:35.553] | INFO  | main                             | YandexComp                       | Онлайн‑курсы для профессионалов, дистанционное обучение современным профессиям
[15:17:35.667] | INFO  | main                             | YandexComp                       | ddddddd
[15:20:53.820] | INFO  | main                             | YandexComp                       | Initialized driver: null
[15:20:56.145] | INFO  | main                             | YandexComp                       | Driver ChromeDriver: chrome on MAC (8a7eaeda206fac76ea9def9d5a144ea8)start
[15:20:59.020] | INFO  | main                             | YandexComp                       | Открыта страница отус
[15:20:59.132] | INFO  | main                             | YandexComp                       | Онлайн‑курсы для профессионалов, дистанционное обучение современным профессиям
[15:20:59.235] | INFO  | main                             | YandexComp                       | ddddddd
[15:24:21.763] | INFO  | main                             | YandexComp                       | Initialized driver: null
[15:24:24.024] | INFO  | main                             | YandexComp                       | Started - ChromeDriver: chrome on MAC (82ccff54c6c76dcaff7ddbaac030b370)
[15:24:26.378] | INFO  | main                             | YandexComp                       | Открыта страница отус
[15:24:26.436] | INFO  | main                             | YandexComp                       | Онлайн‑курсы для профессионалов, дистанционное обучение современным профессиям
[15:24:26.551] | INFO  | main                             | YandexComp                       | ddddddd
[15:25:28.772] | INFO  | main                             | YandexComp                       | Initialized driver
[15:25:31.130] | INFO  | main                             | YandexComp                       | Started - ChromeDriver: chrome on MAC (b48d1b11aadfb05e1a4783681855a721)
[15:25:33.505] | INFO  | main                             | YandexComp                       | Открыта страница отус
[15:25:33.516] | INFO  | main                             | YandexComp                       | Онлайн‑курсы для профессионалов, дистанционное обучение современным профессиям
[15:25:33.625] | INFO  | main                             | YandexComp                       | ddddddd
[15:26:58.615] | INFO  | main                             | YandexComp                       | Initialized driver
[15:27:01.108] | INFO  | main                             | YandexComp                       | Started - ChromeDriver: chrome on MAC (f86c7ec80b5dc2660fe74d8e467de5e5)
[15:27:03.654] | INFO  | main                             | YandexComp                       | Открыта страница отус
[15:27:03.723] | INFO  | main                             | YandexComp                       | Онлайн‑курсы для профессионалов, дистанционное обучение современным профессиям
[15:27:03.826] | INFO  | main                             | YandexComp                       | ddddddd
[15:31:11.287] | INFO  | main                             | YandexComp                       | Initialized driver
[15:31:13.915] | INFO  | main                             | YandexComp                       | Started - ChromeDriver: chrome on MAC (3ec460829b2f86ef1374b9f93bf534ec)
[15:31:14.614] | INFO  | main                             | YandexComp                       | Open
[15:31:15.688] | INFO  | main                             | YandexComp                       | ddddddd
[15:32:13.466] | INFO  | main                             | YandexComp                       | Initialized driver
[15:32:15.710] | INFO  | main                             | YandexComp                       | Started - ChromeDriver: chrome on MAC (004eee1768049e5f93fd82f99d3b319c)
[15:32:17.215] | INFO  | main                             | YandexComp                       | Openhttps://market.yandex.ru/
[15:32:17.450] | INFO  | main                             | YandexComp                       | ddddddd
[15:32:46.938] | INFO  | main                             | YandexComp                       | Initialized driver
[15:32:48.798] | INFO  | main                             | YandexComp                       | Started: ChromeDriver: chrome on MAC (2237eccbcac945120b2c0b2bc661378f)
[15:32:50.412] | INFO  | main                             | YandexComp                       | Open: https://market.yandex.ru/
[15:32:50.666] | INFO  | main                             | YandexComp                       | ddddddd
[15:47:01.119] | INFO  | main                             | YandexComp                       | Initialized driver
[15:47:03.528] | INFO  | main                             | YandexComp                       | Started: ChromeDriver: chrome on MAC (3e2399529bb60cb7d23660b3e703eb21)
[15:47:04.170] | INFO  | main                             | YandexComp                       | Open link: https://market.yandex.ru/
[15:47:06.826] | INFO  | main                             | YandexComp                       | Open page 'Elecktronika'
[15:47:09.970] | INFO  | main                             | YandexComp                       | Open page 'Mobile'
[15:47:09.988] | INFO  | main                             | YandexComp                       | Мобильные телефоны — купить на Яндекс.Маркете
[15:47:10.117] | INFO  | main                             | YandexComp                       | driver shutDown
[16:26:57.315] | INFO  | main                             | YandexComp                       | Initialized driver
[16:27:00.732] | INFO  | main                             | YandexComp                       | Started: ChromeDriver: chrome on MAC (945b52c3e655382aabe34149103443fe)
[16:27:02.671] | INFO  | main                             | YandexComp                       | Open link: https://market.yandex.ru/
[16:27:04.520] | INFO  | main                             | YandexComp                       | Open page 'Elecktronika'
[16:27:06.195] | INFO  | main                             | YandexComp                       | Open page 'Mobile'
[16:27:06.363] | INFO  | main                             | YandexComp                       | driver shutDown
[16:27:34.491] | INFO  | main                             | YandexComp                       | Initialized driver
[16:27:36.470] | INFO  | main                             | YandexComp                       | Started: ChromeDriver: chrome on MAC (1d123dad59b771f252af922c5fca636d)
[16:27:38.338] | INFO  | main                             | YandexComp                       | Open link: https://market.yandex.ru/
[16:27:40.099] | INFO  | main                             | YandexComp                       | Open page 'Elecktronika'
[16:27:43.608] | INFO  | main                             | YandexComp                       | Open page 'Mobile'
[16:27:44.025] | INFO  | main                             | YandexComp                       | Select 
[16:27:44.064] | INFO  | main                             | YandexComp                       | Мобильные телефоны — купить на Яндекс.Маркете
[16:27:44.210] | INFO  | main                             | YandexComp                       | driver shutDown
[16:28:28.667] | INFO  | main                             | YandexComp                       | Initialized driver
[16:28:31.126] | INFO  | main                             | YandexComp                       | Started: ChromeDriver: chrome on MAC (fa26b2c7c0fb05b5f1cc8b701abcc111)
[16:28:31.868] | INFO  | main                             | YandexComp                       | Open link: https://market.yandex.ru/
[16:28:34.732] | INFO  | main                             | YandexComp                       | Open page 'Elecktronika'
[16:28:38.142] | INFO  | main                             | YandexComp                       | Open page 'Mobile'
[16:28:38.509] | INFO  | main                             | YandexComp                       | Select ChromeDriver: chrome on MAC (fa26b2c7c0fb05b5f1cc8b701abcc111)
[16:28:38.564] | INFO  | main                             | YandexComp                       | Мобильные телефоны — купить на Яндекс.Маркете
[16:28:38.710] | INFO  | main                             | YandexComp                       | driver shutDown
[16:30:09.738] | INFO  | main                             | YandexComp                       | Initialized driver
[16:30:12.132] | INFO  | main                             | YandexComp                       | Started: ChromeDriver: chrome on MAC (3556cde6d005f430375aed4e13edb6c1)
[16:30:12.832] | INFO  | main                             | YandexComp                       | Open link: https://market.yandex.ru/
[16:30:15.577] | INFO  | main                             | YandexComp                       | Open page 'Elecktronika'
[16:30:19.176] | INFO  | main                             | YandexComp                       | Open page 'Mobile'
[16:30:19.492] | INFO  | main                             | YandexComp                       | Select HUAWEI
[16:30:19.969] | INFO  | main                             | YandexComp                       | Select Xiaomi
[16:30:19.985] | INFO  | main                             | YandexComp                       | Мобильные телефоны — купить на Яндекс.Маркете
[16:30:20.131] | INFO  | main                             | YandexComp                       | driver shutDown
[16:36:37.398] | INFO  | main                             | YandexComp                       | Initialized driver
[16:36:39.998] | INFO  | main                             | YandexComp                       | Started: ChromeDriver: chrome on MAC (2a3a6b68640214473c6e38a838c39025)
[16:36:41.722] | INFO  | main                             | YandexComp                       | Open link: https://market.yandex.ru/
[16:36:43.495] | INFO  | main                             | YandexComp                       | Open page 'Elecktronika'
[16:36:46.763] | INFO  | main                             | YandexComp                       | Open page 'Mobile'
[16:36:47.158] | INFO  | main                             | YandexComp                       | Select HUAWEI
[16:36:47.520] | INFO  | main                             | YandexComp                       | Select Xiaomi
[16:36:47.520] | INFO  | main                             | YandexComp                       | Sort HUAWEI and Xiaomi
[16:36:47.534] | INFO  | main                             | YandexComp                       | Мобильные телефоны — купить на Яндекс.Маркете
[16:36:47.687] | INFO  | main                             | YandexComp                       | driver shutDown
[17:05:14.972] | INFO  | main                             | YandexComp                       | Initialized driver
[17:05:17.584] | INFO  | main                             | YandexComp                       | Started: ChromeDriver: chrome on MAC (1e6c962ee6003c93704f4a338a29b348)
[17:05:18.266] | INFO  | main                             | YandexComp                       | Open link: https://market.yandex.ru/
[17:05:21.141] | INFO  | main                             | YandexComp                       | Open page 'Elecktronika'
[17:05:24.314] | INFO  | main                             | YandexComp                       | Open page 'Mobile'
[17:05:24.726] | INFO  | main                             | YandexComp                       | Select HUAWEI
[17:05:25.089] | INFO  | main                             | YandexComp                       | Select Xiaomi
[17:05:25.089] | INFO  | main                             | YandexComp                       | Sort HUAWEI and Xiaomi
[17:05:25.111] | INFO  | main                             | YandexComp                       | Мобильные телефоны — купить на Яндекс.Маркете
[17:05:25.262] | INFO  | main                             | YandexComp                       | driver shutDown
[17:49:24.482] | INFO  | main                             | YandexComp                       | Initialized driver
[17:49:26.996] | INFO  | main                             | YandexComp                       | Started: ChromeDriver: chrome on MAC (7d19be5c714b561ad9d0236010265f4a)
[17:49:27.561] | INFO  | main                             | YandexComp                       | Open link: https://market.yandex.ru/
[17:49:30.122] | INFO  | main                             | YandexComp                       | Open page 'Elecktronika'
[17:49:33.529] | INFO  | main                             | YandexComp                       | Open page 'Mobile'
[17:49:33.937] | INFO  | main                             | YandexComp                       | Select HUAWEI
[17:49:34.303] | INFO  | main                             | YandexComp                       | Select Xiaomi
[17:49:34.303] | INFO  | main                             | YandexComp                       | Sort HUAWEI and Xiaomi
[17:49:36.019] | INFO  | main                             | YandexComp                       | Мобильные телефоны — купить на Яндекс.Маркете
[17:49:36.164] | INFO  | main                             | YandexComp                       | driver shutDown
[17:50:32.227] | INFO  | main                             | YandexComp                       | Initialized driver
[17:50:34.754] | INFO  | main                             | YandexComp                       | Started: ChromeDriver: chrome on MAC (7722e7964e30865350e6cbf214f71703)
[17:50:35.460] | INFO  | main                             | YandexComp                       | Open link: https://market.yandex.ru/
[17:50:38.114] | INFO  | main                             | YandexComp                       | Open page 'Elecktronika'
[17:50:41.896] | INFO  | main                             | YandexComp                       | Open page 'Mobile'
[17:50:42.272] | INFO  | main                             | YandexComp                       | Select HUAWEI
[17:50:42.711] | INFO  | main                             | YandexComp                       | Select Xiaomi
[17:50:42.711] | INFO  | main                             | YandexComp                       | Sort HUAWEI and Xiaomi
[17:50:44.462] | INFO  | main                             | YandexComp                       | Wait button - 'see more'
[17:50:44.477] | INFO  | main                             | YandexComp                       | Мобильные телефоны — купить на Яндекс.Маркете
[17:50:44.634] | INFO  | main                             | YandexComp                       | driver shutDown
[17:54:33.159] | INFO  | main                             | YandexComp                       | Initialized driver
[17:54:35.773] | INFO  | main                             | YandexComp                       | Started: ChromeDriver: chrome on MAC (45d842cd0eedd88f6d63eb872e8c7a8f)
[17:54:36.691] | INFO  | main                             | YandexComp                       | Open link: https://market.yandex.ru/
[17:54:39.400] | INFO  | main                             | YandexComp                       | Open page 'Elecktronika'
[17:54:42.965] | INFO  | main                             | YandexComp                       | Open page 'Mobile'
[17:54:43.290] | INFO  | main                             | YandexComp                       | Select HUAWEI
[17:54:43.677] | INFO  | main                             | YandexComp                       | Select Xiaomi
[17:54:43.677] | INFO  | main                             | YandexComp                       | Sort HUAWEI and Xiaomi
[17:54:45.348] | INFO  | main                             | YandexComp                       | Wait button - 'see more'
[17:54:45.351] | INFO  | main                             | YandexComp                       | Element find
[17:54:45.534] | INFO  | main                             | YandexComp                       | driver shutDown
[17:55:53.703] | INFO  | main                             | YandexComp                       | Initialized driver
[17:55:55.726] | INFO  | main                             | YandexComp                       | Started: ChromeDriver: chrome on MAC (1731258994a17c8f44ac12512a9520eb)
[17:55:57.358] | INFO  | main                             | YandexComp                       | Open link: https://market.yandex.ru/
[17:55:58.977] | INFO  | main                             | YandexComp                       | Open page 'Elecktronika'
[17:56:02.270] | INFO  | main                             | YandexComp                       | Open page 'Mobile'
[17:56:02.714] | INFO  | main                             | YandexComp                       | Select HUAWEI
[17:56:03.050] | INFO  | main                             | YandexComp                       | Select Xiaomi
[17:56:03.050] | INFO  | main                             | YandexComp                       | Sort HUAWEI and Xiaomi
[17:56:04.668] | INFO  | main                             | YandexComp                       | Wait button - 'see more'
[17:56:04.671] | INFO  | main                             | YandexComp                       | Element find
[17:56:04.678] | INFO  | main                             | YandexComp                       | Мобильные телефоны — купить на Яндекс.Маркете
[17:56:04.826] | INFO  | main                             | YandexComp                       | driver shutDown
[17:57:20.241] | INFO  | main                             | YandexComp                       | Initialized driver
[17:57:22.664] | INFO  | main                             | YandexComp                       | Started: ChromeDriver: chrome on MAC (e07b053307bbdd0b5fa41fb02a6a7415)
[17:57:23.342] | INFO  | main                             | YandexComp                       | Open link: https://market.yandex.ru/
[17:57:26.000] | INFO  | main                             | YandexComp                       | Open page 'Elecktronika'
[17:57:30.306] | INFO  | main                             | YandexComp                       | Open page 'Mobile'
[17:57:30.673] | INFO  | main                             | YandexComp                       | Select HUAWEI
[17:57:31.064] | INFO  | main                             | YandexComp                       | Select Xiaomi
[17:57:31.064] | INFO  | main                             | YandexComp                       | Sort HUAWEI and Xiaomi
[17:57:32.855] | INFO  | main                             | YandexComp                       | Wait button - 'see more'
[17:57:32.858] | INFO  | main                             | YandexComp                       | find
[17:57:32.871] | INFO  | main                             | YandexComp                       | Мобильные телефоны — купить на Яндекс.Маркете
[17:57:33.016] | INFO  | main                             | YandexComp                       | driver shutDown
[18:09:20.655] | INFO  | main                             | YandexComp                       | Initialized driver
[18:09:23.355] | INFO  | main                             | YandexComp                       | Started: ChromeDriver: chrome on MAC (f792b864496d42e9eefad80868e7bd04)
[18:09:24.033] | INFO  | main                             | YandexComp                       | Open link: https://market.yandex.ru/
[18:09:26.661] | INFO  | main                             | YandexComp                       | Open page 'Elecktronika'
[18:09:30.013] | INFO  | main                             | YandexComp                       | Open page 'Mobile'
[18:09:30.363] | INFO  | main                             | YandexComp                       | Select HUAWEI
[18:09:30.827] | INFO  | main                             | YandexComp                       | Select Xiaomi
[18:09:32.329] | INFO  | main                             | YandexComp                       | Wait button is clickable
[18:09:32.527] | INFO  | main                             | YandexComp                       | Sorted HUAWEI and Xiaomi
[18:09:32.540] | INFO  | main                             | YandexComp                       | Мобильные телефоны — купить на Яндекс.Маркете
[18:09:32.690] | INFO  | main                             | YandexComp                       | driver shutDown
[18:28:17.911] | INFO  | main                             | YandexComp                       | Initialized driver
[18:28:20.299] | INFO  | main                             | YandexComp                       | Started: ChromeDriver: chrome on MAC (9c7bc312b91dd5a0d4b5e796d91156a2)
[18:28:21.904] | INFO  | main                             | YandexComp                       | Open link: https://market.yandex.ru/
[18:28:23.574] | INFO  | main                             | YandexComp                       | Open page 'Elecktronika'
[18:28:27.351] | INFO  | main                             | YandexComp                       | Open page 'Mobile'
[18:28:27.713] | INFO  | main                             | YandexComp                       | Select HUAWEI
[18:28:28.102] | INFO  | main                             | YandexComp                       | Select Xiaomi
[18:28:29.774] | INFO  | main                             | YandexComp                       | Wait button is clickable
[18:28:29.971] | INFO  | main                             | YandexComp                       | Sorted HUAWEI and Xiaomi
[18:28:30.185] | INFO  | main                             | YandexComp                       | driver shutDown
[18:29:15.679] | INFO  | main                             | YandexComp                       | Initialized driver
[18:29:18.165] | INFO  | main                             | YandexComp                       | Started: ChromeDriver: chrome on MAC (4c825e8a5066ae459d175af216aa7ee3)
[18:29:18.769] | INFO  | main                             | YandexComp                       | Open link: https://market.yandex.ru/
[18:29:20.151] | INFO  | main                             | YandexComp                       | Open page 'Elecktronika'
[18:29:20.376] | INFO  | main                             | YandexComp                       | driver shutDown
[18:29:48.765] | INFO  | main                             | YandexComp                       | Initialized driver
[18:29:50.789] | INFO  | main                             | YandexComp                       | Started: ChromeDriver: chrome on MAC (d34c2e954a9b45e4692418d5c58c5394)
[18:29:51.505] | INFO  | main                             | YandexComp                       | Open link: https://market.yandex.ru/
[18:29:52.785] | INFO  | main                             | YandexComp                       | Open page 'Elecktronika'
[18:29:53.020] | INFO  | main                             | YandexComp                       | driver shutDown
[18:31:37.741] | INFO  | main                             | YandexComp                       | Initialized driver
[18:31:40.149] | INFO  | main                             | YandexComp                       | Started: ChromeDriver: chrome on MAC (783bf3cd50cd97823037d64bf3996011)
[18:31:40.870] | INFO  | main                             | YandexComp                       | Open link: https://market.yandex.ru/
[18:31:43.472] | INFO  | main                             | YandexComp                       | Open page 'Elecktronika'
[18:31:46.904] | INFO  | main                             | YandexComp                       | Open page 'Mobile'
[18:31:47.273] | INFO  | main                             | YandexComp                       | Select HUAWEI
[18:31:47.629] | INFO  | main                             | YandexComp                       | Select Xiaomi
[18:31:49.124] | INFO  | main                             | YandexComp                       | Wait button is clickable
[18:31:49.311] | INFO  | main                             | YandexComp                       | Sorted HUAWEI and Xiaomi
[18:31:49.489] | INFO  | main                             | YandexComp                       | driver shutDown
[18:35:30.898] | INFO  | main                             | YandexComp                       | Initialized driver
[18:35:33.370] | INFO  | main                             | YandexComp                       | Started: ChromeDriver: chrome on MAC (e44459b85b6b9f40370c8fc07e0173dd)
[18:35:34.039] | INFO  | main                             | YandexComp                       | Open link: https://market.yandex.ru/
[18:35:34.326] | INFO  | main                             | YandexComp                       | Open page 'Elecktronika'
[18:35:34.560] | INFO  | main                             | YandexComp                       | driver shutDown
[18:35:51.838] | INFO  | main                             | YandexComp                       | Initialized driver
[18:35:54.394] | INFO  | main                             | YandexComp                       | Started: ChromeDriver: chrome on MAC (ef31af7abffc876790007b6079d5bc23)
[18:35:55.175] | INFO  | main                             | YandexComp                       | Open link: https://market.yandex.ru/
[18:35:55.505] | INFO  | main                             | YandexComp                       | Open page 'Elecktronika'
[18:35:55.852] | INFO  | main                             | YandexComp                       | driver shutDown
[18:35:56.693] | INFO  | main                             | YandexComp                       | Initialized driver
[18:35:58.487] | INFO  | main                             | YandexComp                       | Started: ChromeDriver: chrome on MAC (282cbd3fc00e507a12d3b08ed80dd286)
[18:35:59.234] | INFO  | main                             | YandexComp                       | Open link: https://market.yandex.ru/
[18:35:59.507] | INFO  | main                             | YandexComp                       | Open page 'Elecktronika'
[18:35:59.747] | INFO  | main                             | YandexComp                       | driver shutDown
[18:36:22.718] | INFO  | main                             | YandexComp                       | Initialized driver
[18:36:24.560] | INFO  | main                             | YandexComp                       | Started: ChromeDriver: chrome on MAC (39b12d846061766561fb34d452c86e6e)
[18:36:25.311] | INFO  | main                             | YandexComp                       | Open link: https://market.yandex.ru/
[18:36:28.038] | INFO  | main                             | YandexComp                       | Open page 'Elecktronika'
[18:36:31.372] | INFO  | main                             | YandexComp                       | Open page 'Mobile'
[18:36:31.815] | INFO  | main                             | YandexComp                       | Select HUAWEI
[18:36:32.166] | INFO  | main                             | YandexComp                       | Select Xiaomi
[18:36:33.709] | INFO  | main                             | YandexComp                       | Wait button is clickable
[18:36:33.902] | INFO  | main                             | YandexComp                       | Sorted HUAWEI and Xiaomi
[18:36:34.129] | INFO  | main                             | YandexComp                       | driver shutDown
[19:10:13.508] | INFO  | main                             | YandexComp                       | Initialized driver
[19:10:15.955] | INFO  | main                             | YandexComp                       | Started: ChromeDriver: chrome on MAC (90070a310d5583f7783132173f1cae1e)
[19:10:16.643] | INFO  | main                             | YandexComp                       | Open link: https://market.yandex.ru/
[19:10:19.766] | INFO  | main                             | YandexComp                       | Open page 'Elecktronika'
[19:10:22.973] | INFO  | main                             | YandexComp                       | Open page 'Mobile'
[19:10:23.368] | INFO  | main                             | YandexComp                       | Select HUAWEI
[19:10:23.705] | INFO  | main                             | YandexComp                       | Select Xiaomi
[19:10:25.459] | INFO  | main                             | YandexComp                       | Wait button is clickable
[19:10:25.649] | INFO  | main                             | YandexComp                       | Sorted HUAWEI and Xiaomi
[19:10:25.843] | INFO  | main                             | YandexComp                       | driver shutDown
[19:26:44.302] | INFO  | main                             | YandexComp                       | Initialized driver
[19:26:46.694] | INFO  | main                             | YandexComp                       | Started: ChromeDriver: chrome on MAC (46c0c264947c4dbea3fbc00d6b477825)
[19:26:47.428] | INFO  | main                             | YandexComp                       | Open link: https://market.yandex.ru/
[19:26:49.861] | INFO  | main                             | YandexComp                       | Open page 'Elecktronika'
[19:26:53.240] | INFO  | main                             | YandexComp                       | Open page 'Mobile'
[19:26:53.710] | INFO  | main                             | YandexComp                       | Select HUAWEI
[19:26:54.069] | INFO  | main                             | YandexComp                       | Select Xiaomi
[19:26:55.561] | INFO  | main                             | YandexComp                       | Wait button is clickable
[19:26:55.752] | INFO  | main                             | YandexComp                       | Sorted HUAWEI and Xiaomi
[19:26:55.940] | INFO  | main                             | YandexComp                       | driver shutDown
[19:30:16.910] | INFO  | main                             | YandexComp                       | Initialized driver
[19:30:19.331] | INFO  | main                             | YandexComp                       | Started: ChromeDriver: chrome on MAC (33ef0ab7ca30c71f53ff8ca901bc85a9)
[19:30:20.987] | INFO  | main                             | YandexComp                       | Open link: https://market.yandex.ru/
[19:30:22.750] | INFO  | main                             | YandexComp                       | Open page 'Elecktronika'
[19:30:26.092] | INFO  | main                             | YandexComp                       | Open page 'Mobile'
[19:30:26.419] | INFO  | main                             | YandexComp                       | Select HUAWEI
[19:30:26.776] | INFO  | main                             | YandexComp                       | Select Xiaomi
[19:30:28.242] | INFO  | main                             | YandexComp                       | Wait button is clickable
[19:30:28.436] | INFO  | main                             | YandexComp                       | Sorted HUAWEI and Xiaomi
[19:30:28.657] | INFO  | main                             | YandexComp                       | driver shutDown
[19:32:47.916] | INFO  | main                             | YandexComp                       | Initialized driver
[19:32:50.338] | INFO  | main                             | YandexComp                       | Started: ChromeDriver: chrome on MAC (d2ca1278cc5f0f84f8478bc605648f39)
[19:32:51.025] | INFO  | main                             | YandexComp                       | Open link: https://market.yandex.ru/
[19:32:53.478] | INFO  | main                             | YandexComp                       | Open page 'Elecktronika'
[19:32:56.821] | INFO  | main                             | YandexComp                       | Open page 'Mobile'
[19:32:57.238] | INFO  | main                             | YandexComp                       | Select HUAWEI
[19:32:57.557] | INFO  | main                             | YandexComp                       | Select Xiaomi
[19:32:59.264] | INFO  | main                             | YandexComp                       | Wait button is clickable
[19:32:59.471] | INFO  | main                             | YandexComp                       | Sorted HUAWEI and Xiaomi by price
[19:33:00.913] | INFO  | main                             | YandexComp                       | Мобильные телефоны — купить на Яндекс.Маркете
[19:33:01.076] | INFO  | main                             | YandexComp                       | driver shutDown
[19:33:28.640] | INFO  | main                             | YandexComp                       | Initialized driver
[19:33:30.542] | INFO  | main                             | YandexComp                       | Started: ChromeDriver: chrome on MAC (32c242e11c9b9c8c43305312de135f58)
[19:33:31.143] | INFO  | main                             | YandexComp                       | Open link: https://market.yandex.ru/
[19:33:31.329] | INFO  | main                             | YandexComp                       | Open page 'Elecktronika'
[19:33:31.527] | INFO  | main                             | YandexComp                       | driver shutDown
[19:33:53.992] | INFO  | main                             | YandexComp                       | Initialized driver
[19:33:55.709] | INFO  | main                             | YandexComp                       | Started: ChromeDriver: chrome on MAC (feedbe0a31566896563841540ad7cffa)
[19:33:56.290] | INFO  | main                             | YandexComp                       | Open link: https://market.yandex.ru/
[19:33:58.979] | INFO  | main                             | YandexComp                       | Open page 'Elecktronika'
[19:34:02.209] | INFO  | main                             | YandexComp                       | Open page 'Mobile'
[19:34:02.611] | INFO  | main                             | YandexComp                       | Select HUAWEI
[19:34:02.971] | INFO  | main                             | YandexComp                       | Select Xiaomi
[19:34:04.456] | INFO  | main                             | YandexComp                       | Wait button is clickable
[19:34:04.641] | INFO  | main                             | YandexComp                       | Sorted HUAWEI and Xiaomi by price
[19:34:06.038] | INFO  | main                             | YandexComp                       | Мобильные телефоны — купить на Яндекс.Маркете
[19:34:06.228] | INFO  | main                             | YandexComp                       | driver shutDown
[19:59:29.195] | INFO  | main                             | YandexComp                       | Initialized driver
[19:59:31.656] | INFO  | main                             | YandexComp                       | Started: ChromeDriver: chrome on MAC (d736bb5fac9e9dd9593992eaeb4110e2)
[19:59:32.344] | INFO  | main                             | YandexComp                       | Open link: https://market.yandex.ru/
[19:59:34.824] | INFO  | main                             | YandexComp                       | Open page 'Elecktronika'
[19:59:38.150] | INFO  | main                             | YandexComp                       | Open page 'Mobile'
[19:59:38.497] | INFO  | main                             | YandexComp                       | Select HUAWEI
[19:59:38.762] | INFO  | main                             | YandexComp                       | Select Xiaomi
[19:59:40.452] | INFO  | main                             | YandexComp                       | Button 'see else' available
[19:59:40.452] | INFO  | main                             | YandexComp                       | Wait button is clickable
[19:59:40.685] | INFO  | main                             | YandexComp                       | Sorted HUAWEI and Xiaomi by price
[19:59:41.866] | INFO  | main                             | YandexComp                       | Button 'see else' available
[19:59:41.934] | INFO  | main                             | YandexComp                       | Мобильные телефоны — купить на Яндекс.Маркете
[19:59:42.124] | INFO  | main                             | YandexComp                       | driver shutDown
[20:03:26.827] | INFO  | main                             | YandexComp                       | Initialized driver
[20:03:28.555] | INFO  | main                             | YandexComp                       | Started: ChromeDriver: chrome on MAC (84ca4fb295c987e748842869d946b291)
[20:03:30.003] | INFO  | main                             | YandexComp                       | Open link: https://market.yandex.ru/
[20:03:31.845] | INFO  | main                             | YandexComp                       | Open page 'Elecktronika'
[20:03:35.171] | INFO  | main                             | YandexComp                       | Open page 'Mobile'
[20:03:35.535] | INFO  | main                             | YandexComp                       | Select HUAWEI
[20:03:35.869] | INFO  | main                             | YandexComp                       | Select Xiaomi
[20:03:37.596] | INFO  | main                             | YandexComp                       | Button 'see else' available
[20:03:37.598] | INFO  | main                             | YandexComp                       | Wait button is clickable
[20:03:37.781] | INFO  | main                             | YandexComp                       | Sorted HUAWEI and Xiaomi by price
[20:03:39.205] | INFO  | main                             | YandexComp                       | Button 'see else' available
[20:03:39.313] | INFO  | main                             | YandexComp                       | Мобильные телефоны — купить на Яндекс.Маркете
[20:03:39.469] | INFO  | main                             | YandexComp                       | driver shutDown
[20:04:49.735] | INFO  | main                             | YandexComp                       | Initialized driver
[20:04:51.855] | INFO  | main                             | YandexComp                       | Started: ChromeDriver: chrome on MAC (29497bc114738929451177f48f2b7937)
[20:04:52.444] | INFO  | main                             | YandexComp                       | Open link: https://market.yandex.ru/
[20:04:54.787] | INFO  | main                             | YandexComp                       | Open page 'Elecktronika'
[20:04:58.444] | INFO  | main                             | YandexComp                       | Open page 'Mobile'
[20:04:58.840] | INFO  | main                             | YandexComp                       | Select HUAWEI
[20:04:59.188] | INFO  | main                             | YandexComp                       | Select Xiaomi
[20:05:01.038] | INFO  | main                             | YandexComp                       | Button 'see else' available
[20:05:01.039] | INFO  | main                             | YandexComp                       | Wait button is clickable
[20:05:01.221] | INFO  | main                             | YandexComp                       | Sorted HUAWEI and Xiaomi by price
[20:05:02.635] | INFO  | main                             | YandexComp                       | Button 'see else' available
[20:05:02.811] | INFO  | main                             | YandexComp                       | Мобильные телефоны — купить на Яндекс.Маркете
[20:05:02.965] | INFO  | main                             | YandexComp                       | driver shutDown
[21:16:43.621] | INFO  | main                             | YandexComp                       | Initialized driver
[21:16:46.384] | INFO  | main                             | YandexComp                       | Started: ChromeDriver: chrome on MAC (f9feab232766654eb44388e86c109929)
[21:16:48.237] | INFO  | main                             | YandexComp                       | Open link: https://market.yandex.ru/
[21:16:49.828] | INFO  | main                             | YandexComp                       | Open page 'Elecktronika'
[21:16:53.284] | INFO  | main                             | YandexComp                       | Open page 'Mobile'
[21:16:53.659] | INFO  | main                             | YandexComp                       | Select HUAWEI
[21:16:54.027] | INFO  | main                             | YandexComp                       | Select Xiaomi
[21:16:55.536] | INFO  | main                             | YandexComp                       | Button 'see else' available
[21:16:55.537] | INFO  | main                             | YandexComp                       | Wait button is clickable
[21:16:55.727] | INFO  | main                             | YandexComp                       | Sorted HUAWEI and Xiaomi by price
[21:16:56.968] | INFO  | main                             | YandexComp                       | Button 'see else' available
[21:16:57.078] | INFO  | main                             | YandexComp                       | Мобильные телефоны — купить на Яндекс.Маркете
[21:16:57.271] | INFO  | main                             | YandexComp                       | driver shutDown
[21:26:50.579] | INFO  | main                             | YandexComp                       | Initialized driver
[21:26:52.966] | INFO  | main                             | YandexComp                       | Started: ChromeDriver: chrome on MAC (f9748ddf62774d78f5725b80cc0404cb)
[21:26:54.637] | INFO  | main                             | YandexComp                       | Open link: https://market.yandex.ru/
[21:26:56.284] | INFO  | main                             | YandexComp                       | Open page 'Elecktronika'
[21:26:59.694] | INFO  | main                             | YandexComp                       | Open page 'Mobile'
[21:27:00.109] | INFO  | main                             | YandexComp                       | Select HUAWEI
[21:27:00.437] | INFO  | main                             | YandexComp                       | Select Xiaomi
[21:27:02.359] | INFO  | main                             | YandexComp                       | Button 'see else' available
[21:27:02.359] | INFO  | main                             | YandexComp                       | Wait button is clickable
[21:27:02.596] | INFO  | main                             | YandexComp                       | Sorted HUAWEI and Xiaomi by price
[21:27:03.906] | INFO  | main                             | YandexComp                       | Button 'see else' available
[21:27:04.233] | INFO  | main                             | YandexComp                       | driver shutDown
[21:29:42.478] | INFO  | main                             | YandexComp                       | Initialized driver
[21:29:44.859] | INFO  | main                             | YandexComp                       | Started: ChromeDriver: chrome on MAC (9524f153a91ae4d5f2eb183dad49f755)
[21:29:45.503] | INFO  | main                             | YandexComp                       | Open link: https://market.yandex.ru/
[21:29:48.006] | INFO  | main                             | YandexComp                       | Open page 'Elecktronika'
[21:29:51.377] | INFO  | main                             | YandexComp                       | Open page 'Mobile'
[21:29:51.699] | INFO  | main                             | YandexComp                       | Select HUAWEI
[21:29:52.044] | INFO  | main                             | YandexComp                       | Select Xiaomi
[21:29:53.744] | INFO  | main                             | YandexComp                       | Button 'see else' available
[21:29:53.744] | INFO  | main                             | YandexComp                       | Wait button is clickable
[21:29:53.973] | INFO  | main                             | YandexComp                       | Sorted HUAWEI and Xiaomi by price
[21:29:55.514] | INFO  | main                             | YandexComp                       | Button 'see else' available
[21:29:55.807] | INFO  | main                             | YandexComp                       | driver shutDown
[21:33:21.840] | INFO  | main                             | YandexComp                       | Initialized driver
[21:33:24.213] | INFO  | main                             | YandexComp                       | Started: ChromeDriver: chrome on MAC (2009244453e9a4bfa0630a849e24aa77)
[21:33:24.945] | INFO  | main                             | YandexComp                       | Open link: https://market.yandex.ru/
[21:33:27.504] | INFO  | main                             | YandexComp                       | Open page 'Elecktronika'
[21:33:31.768] | INFO  | main                             | YandexComp                       | Open page 'Mobile'
[21:33:32.096] | INFO  | main                             | YandexComp                       | Select HUAWEI
[21:33:32.455] | INFO  | main                             | YandexComp                       | Select Xiaomi
[21:33:33.980] | INFO  | main                             | YandexComp                       | Button 'see else' available
[21:33:33.981] | INFO  | main                             | YandexComp                       | Wait button is clickable
[21:33:34.200] | INFO  | main                             | YandexComp                       | Sorted HUAWEI and Xiaomi by price
[21:33:35.510] | INFO  | main                             | YandexComp                       | Button 'see else' available
[21:33:35.874] | INFO  | main                             | YandexComp                       | driver shutDown
[21:35:13.358] | INFO  | main                             | YandexComp                       | Initialized driver
[21:35:15.825] | INFO  | main                             | YandexComp                       | Started: ChromeDriver: chrome on MAC (e71f249547489c210a850f697e07a626)
[21:35:17.328] | INFO  | main                             | YandexComp                       | Open link: https://market.yandex.ru/
[21:35:18.964] | INFO  | main                             | YandexComp                       | Open page 'Elecktronika'
[21:35:22.479] | INFO  | main                             | YandexComp                       | Open page 'Mobile'
[21:35:22.893] | INFO  | main                             | YandexComp                       | Select HUAWEI
[21:35:23.267] | INFO  | main                             | YandexComp                       | Select Xiaomi
[21:35:24.891] | INFO  | main                             | YandexComp                       | Button 'see else' available
[21:35:24.892] | INFO  | main                             | YandexComp                       | Wait button is clickable
[21:35:25.078] | INFO  | main                             | YandexComp                       | Sorted HUAWEI and Xiaomi by price
[21:35:26.293] | INFO  | main                             | YandexComp                       | Button 'see else' available
[21:35:26.562] | INFO  | main                             | YandexComp                       | driver shutDown
[21:37:58.122] | INFO  | main                             | YandexComp                       | Initialized driver
[21:38:00.570] | INFO  | main                             | YandexComp                       | Started: ChromeDriver: chrome on MAC (edf74fa6ab23ae2beeb839df2433cadd)
[21:38:02.059] | INFO  | main                             | YandexComp                       | Open link: https://market.yandex.ru/
[21:38:03.913] | INFO  | main                             | YandexComp                       | Open page 'Elecktronika'
[21:38:07.176] | INFO  | main                             | YandexComp                       | Open page 'Mobile'
[21:38:07.559] | INFO  | main                             | YandexComp                       | Select HUAWEI
[21:38:07.908] | INFO  | main                             | YandexComp                       | Select Xiaomi
[21:38:10.131] | INFO  | main                             | YandexComp                       | Button 'see else' available
[21:38:10.131] | INFO  | main                             | YandexComp                       | Wait button is clickable
[21:38:10.327] | INFO  | main                             | YandexComp                       | Sorted HUAWEI and Xiaomi by price
[21:38:11.585] | INFO  | main                             | YandexComp                       | Button 'see else' available
[21:38:11.788] | INFO  | main                             | YandexComp                       | Button 'see else' available
[21:38:11.844] | INFO  | main                             | YandexComp                       | Product add to comparing
[21:38:11.855] | INFO  | main                             | YandexComp                       | Мобильные телефоны — купить на Яндекс.Маркете
[21:38:12.020] | INFO  | main                             | YandexComp                       | driver shutDown
[21:44:00.665] | INFO  | main                             | YandexComp                       | Initialized driver
[21:44:03.087] | INFO  | main                             | YandexComp                       | Started: ChromeDriver: chrome on MAC (b788494a05f47912eddbb51f94071770)
[21:44:04.646] | INFO  | main                             | YandexComp                       | Open link: https://market.yandex.ru/
[21:44:06.208] | INFO  | main                             | YandexComp                       | Open page 'Elecktronika'
[21:44:09.604] | INFO  | main                             | YandexComp                       | Open page 'Mobile'
[21:44:10.017] | INFO  | main                             | YandexComp                       | Select HUAWEI
[21:44:10.361] | INFO  | main                             | YandexComp                       | Select Xiaomi
[21:44:12.058] | INFO  | main                             | YandexComp                       | Button 'see else' available
[21:44:12.059] | INFO  | main                             | YandexComp                       | Wait button is clickable
[21:44:12.329] | INFO  | main                             | YandexComp                       | Sorted HUAWEI and Xiaomi by price
[21:44:13.529] | INFO  | main                             | YandexComp                       | Button 'see else' available
[21:44:13.792] | INFO  | main                             | YandexComp                       | Button 'see else' available
[21:44:13.891] | INFO  | main                             | YandexComp                       | Product add to comparing
[21:44:13.905] | INFO  | main                             | YandexComp                       | Мобильные телефоны — купить на Яндекс.Маркете
[21:44:14.068] | INFO  | main                             | YandexComp                       | driver shutDown
[21:45:07.197] | INFO  | main                             | YandexComp                       | Initialized driver
[21:45:09.250] | INFO  | main                             | YandexComp                       | Started: ChromeDriver: chrome on MAC (0720e54262585499e184ea13c78272c3)
[21:45:10.608] | INFO  | main                             | YandexComp                       | Open link: https://market.yandex.ru/
[21:45:12.354] | INFO  | main                             | YandexComp                       | Open page 'Elecktronika'
[21:45:15.676] | INFO  | main                             | YandexComp                       | Open page 'Mobile'
[21:45:16.102] | INFO  | main                             | YandexComp                       | Select HUAWEI
[21:45:16.473] | INFO  | main                             | YandexComp                       | Select Xiaomi
[21:45:17.952] | INFO  | main                             | YandexComp                       | Button 'see else' available
[21:45:17.952] | INFO  | main                             | YandexComp                       | Wait button is clickable
[21:45:18.162] | INFO  | main                             | YandexComp                       | Sorted HUAWEI and Xiaomi by price
[21:45:19.495] | INFO  | main                             | YandexComp                       | Button 'see else' available
[21:45:19.758] | INFO  | main                             | YandexComp                       | Product add to comparing
[21:45:19.872] | INFO  | main                             | YandexComp                       | Мобильные телефоны — купить на Яндекс.Маркете
[21:45:20.039] | INFO  | main                             | YandexComp                       | driver shutDown
[21:45:35.862] | INFO  | main                             | YandexComp                       | Initialized driver
[21:45:37.933] | INFO  | main                             | YandexComp                       | Started: ChromeDriver: chrome on MAC (6c4c513295cca1aedf682a30cc9143c2)
[21:45:39.319] | INFO  | main                             | YandexComp                       | Open link: https://market.yandex.ru/
[21:45:40.893] | INFO  | main                             | YandexComp                       | Open page 'Elecktronika'
[21:45:44.130] | INFO  | main                             | YandexComp                       | Open page 'Mobile'
[21:45:44.534] | INFO  | main                             | YandexComp                       | Select HUAWEI
[21:45:44.878] | INFO  | main                             | YandexComp                       | Select Xiaomi
[21:45:46.604] | INFO  | main                             | YandexComp                       | Button 'see else' available
[21:45:46.604] | INFO  | main                             | YandexComp                       | Wait button is clickable
[21:45:46.831] | INFO  | main                             | YandexComp                       | Sorted HUAWEI and Xiaomi by price
[21:45:48.260] | INFO  | main                             | YandexComp                       | Button 'see else' available
[21:45:48.553] | INFO  | main                             | YandexComp                       | Product add to comparing
[21:45:48.835] | INFO  | main                             | YandexComp                       | Product add to comparing
[21:45:48.843] | INFO  | main                             | YandexComp                       | Мобильные телефоны — купить на Яндекс.Маркете
[21:45:49.001] | INFO  | main                             | YandexComp                       | driver shutDown
